[2022-05-06 11:50:13] local.ERROR: SQLSTATE[HY000] [1698] Access denied for user 'root'@'localhost' (SQL: select * from information_schema.tables where table_schema = laravel and table_name = migrations and table_type = 'BASE TABLE') {"exception":"[object] (Illuminate\\Database\\QueryException(code: 1698): SQLSTATE[HY000] [1698] Access denied for user 'root'@'localhost' (SQL: select * from information_schema.tables where table_schema = laravel and table_name = migrations and table_type = 'BASE TABLE') at /home/nasrine/Desktop/dve/react/apiRest/vendor/laravel/framework/src/Illuminate/Database/Connection.php:742)
[stacktrace]
#0 /home/nasrine/Desktop/dve/react/apiRest/vendor/laravel/framework/src/Illuminate/Database/Connection.php(702): Illuminate\\Database\\Connection->runQueryCallback()
#1 /home/nasrine/Desktop/dve/react/apiRest/vendor/laravel/framework/src/Illuminate/Database/Connection.php(404): Illuminate\\Database\\Connection->run()
#2 /home/nasrine/Desktop/dve/react/apiRest/vendor/laravel/framework/src/Illuminate/Database/Schema/MySqlBuilder.php(44): Illuminate\\Database\\Connection->select()
#3 /home/nasrine/Desktop/dve/react/apiRest/vendor/laravel/framework/src/Illuminate/Database/Migrations/DatabaseMigrationRepository.php(169): Illuminate\\Database\\Schema\\MySqlBuilder->hasTable()
#4 /home/nasrine/Desktop/dve/react/apiRest/vendor/laravel/framework/src/Illuminate/Database/Migrations/Migrator.php(673): Illuminate\\Database\\Migrations\\DatabaseMigrationRepository->repositoryExists()
#5 /home/nasrine/Desktop/dve/react/apiRest/vendor/laravel/framework/src/Illuminate/Database/Console/Migrations/MigrateCommand.php(110): Illuminate\\Database\\Migrations\\Migrator->repositoryExists()
#6 /home/nasrine/Desktop/dve/react/apiRest/vendor/laravel/framework/src/Illuminate/Database/Console/Migrations/MigrateCommand.php(78): Illuminate\\Database\\Console\\Migrations\\MigrateCommand->prepareDatabase()
#7 /home/nasrine/Desktop/dve/react/apiRest/vendor/laravel/framework/src/Illuminate/Database/Migrations/Migrator.php(606): Illuminate\\Database\\Console\\Migrations\\MigrateCommand->Illuminate\\Database\\Console\\Migrations\\{closure}()
#8 /home/nasrine/Desktop/dve/react/apiRest/vendor/laravel/framework/src/Illuminate/Database/Console/Migrations/MigrateCommand.php(98): Illuminate\\Database\\Migrations\\Migrator->usingConnection()
#9 /home/nasrine/Desktop/dve/react/apiRest/vendor/laravel/framework/src/Illuminate/Container/BoundMethod.php(36): Illuminate\\Database\\Console\\Migrations\\MigrateCommand->handle()
#10 /home/nasrine/Desktop/dve/react/apiRest/vendor/laravel/framework/src/Illuminate/Container/Util.php(41): Illuminate\\Container\\BoundMethod::Illuminate\\Container\\{closure}()
#11 /home/nasrine/Desktop/dve/react/apiRest/vendor/laravel/framework/src/Illuminate/Container/BoundMethod.php(93): Illuminate\\Container\\Util::unwrapIfClosure()
#12 /home/nasrine/Desktop/dve/react/apiRest/vendor/laravel/framework/src/Illuminate/Container/BoundMethod.php(37): Illuminate\\Container\\BoundMethod::callBoundMethod()
#13 /home/nasrine/Desktop/dve/react/apiRest/vendor/laravel/framework/src/Illuminate/Container/Container.php(651): Illuminate\\Container\\BoundMethod::call()
#14 /home/nasrine/Desktop/dve/react/apiRest/vendor/laravel/framework/src/Illuminate/Console/Command.php(136): Illuminate\\Container\\Container->call()
#15 /home/nasrine/Desktop/dve/react/apiRest/vendor/symfony/console/Command/Command.php(291): Illuminate\\Console\\Command->execute()
#16 /home/nasrine/Desktop/dve/react/apiRest/vendor/laravel/framework/src/Illuminate/Console/Command.php(121): Symfony\\Component\\Console\\Command\\Command->run()
#17 /home/nasrine/Desktop/dve/react/apiRest/vendor/symfony/console/Application.php(989): Illuminate\\Console\\Command->run()
#18 /home/nasrine/Desktop/dve/react/apiRest/vendor/symfony/console/Application.php(299): Symfony\\Component\\Console\\Application->doRunCommand()
#19 /home/nasrine/Desktop/dve/react/apiRest/vendor/symfony/console/Application.php(171): Symfony\\Component\\Console\\Application->doRun()
#20 /home/nasrine/Desktop/dve/react/apiRest/vendor/laravel/framework/src/Illuminate/Console/Application.php(102): Symfony\\Component\\Console\\Application->run()
#21 /home/nasrine/Desktop/dve/react/apiRest/vendor/laravel/framework/src/Illuminate/Foundation/Console/Kernel.php(129): Illuminate\\Console\\Application->run()
#22 /home/nasrine/Desktop/dve/react/apiRest/artisan(37): Illuminate\\Foundation\\Console\\Kernel->handle()
#23 {main}

[previous exception] [object] (PDOException(code: 1698): SQLSTATE[HY000] [1698] Access denied for user 'root'@'localhost' at /home/nasrine/Desktop/dve/react/apiRest/vendor/laravel/framework/src/Illuminate/Database/Connectors/Connector.php:70)
[stacktrace]
#0 /home/nasrine/Desktop/dve/react/apiRest/vendor/laravel/framework/src/Illuminate/Database/Connectors/Connector.php(70): PDO->__construct()
#1 /home/nasrine/Desktop/dve/react/apiRest/vendor/laravel/framework/src/Illuminate/Database/Connectors/Connector.php(46): Illuminate\\Database\\Connectors\\Connector->createPdoConnection()
#2 /home/nasrine/Desktop/dve/react/apiRest/vendor/laravel/framework/src/Illuminate/Database/Connectors/MySqlConnector.php(24): Illuminate\\Database\\Connectors\\Connector->createConnection()
#3 /home/nasrine/Desktop/dve/react/apiRest/vendor/laravel/framework/src/Illuminate/Database/Connectors/ConnectionFactory.php(184): Illuminate\\Database\\Connectors\\MySqlConnector->connect()
#4 [internal function]: Illuminate\\Database\\Connectors\\ConnectionFactory->Illuminate\\Database\\Connectors\\{closure}()
#5 /home/nasrine/Desktop/dve/react/apiRest/vendor/laravel/framework/src/Illuminate/Database/Connection.php(1084): call_user_func()
#6 /home/nasrine/Desktop/dve/react/apiRest/vendor/laravel/framework/src/Illuminate/Database/Connection.php(1120): Illuminate\\Database\\Connection->getPdo()
#7 /home/nasrine/Desktop/dve/react/apiRest/vendor/laravel/framework/src/Illuminate/Database/Connection.php(468): Illuminate\\Database\\Connection->getReadPdo()
#8 /home/nasrine/Desktop/dve/react/apiRest/vendor/laravel/framework/src/Illuminate/Database/Connection.php(396): Illuminate\\Database\\Connection->getPdoForSelect()
#9 /home/nasrine/Desktop/dve/react/apiRest/vendor/laravel/framework/src/Illuminate/Database/Connection.php(735): Illuminate\\Database\\Connection->Illuminate\\Database\\{closure}()
#10 /home/nasrine/Desktop/dve/react/apiRest/vendor/laravel/framework/src/Illuminate/Database/Connection.php(702): Illuminate\\Database\\Connection->runQueryCallback()
#11 /home/nasrine/Desktop/dve/react/apiRest/vendor/laravel/framework/src/Illuminate/Database/Connection.php(404): Illuminate\\Database\\Connection->run()
#12 /home/nasrine/Desktop/dve/react/apiRest/vendor/laravel/framework/src/Illuminate/Database/Schema/MySqlBuilder.php(44): Illuminate\\Database\\Connection->select()
#13 /home/nasrine/Desktop/dve/react/apiRest/vendor/laravel/framework/src/Illuminate/Database/Migrations/DatabaseMigrationRepository.php(169): Illuminate\\Database\\Schema\\MySqlBuilder->hasTable()
#14 /home/nasrine/Desktop/dve/react/apiRest/vendor/laravel/framework/src/Illuminate/Database/Migrations/Migrator.php(673): Illuminate\\Database\\Migrations\\DatabaseMigrationRepository->repositoryExists()
#15 /home/nasrine/Desktop/dve/react/apiRest/vendor/laravel/framework/src/Illuminate/Database/Console/Migrations/MigrateCommand.php(110): Illuminate\\Database\\Migrations\\Migrator->repositoryExists()
#16 /home/nasrine/Desktop/dve/react/apiRest/vendor/laravel/framework/src/Illuminate/Database/Console/Migrations/MigrateCommand.php(78): Illuminate\\Database\\Console\\Migrations\\MigrateCommand->prepareDatabase()
#17 /home/nasrine/Desktop/dve/react/apiRest/vendor/laravel/framework/src/Illuminate/Database/Migrations/Migrator.php(606): Illuminate\\Database\\Console\\Migrations\\MigrateCommand->Illuminate\\Database\\Console\\Migrations\\{closure}()
#18 /home/nasrine/Desktop/dve/react/apiRest/vendor/laravel/framework/src/Illuminate/Database/Console/Migrations/MigrateCommand.php(98): Illuminate\\Database\\Migrations\\Migrator->usingConnection()
#19 /home/nasrine/Desktop/dve/react/apiRest/vendor/laravel/framework/src/Illuminate/Container/BoundMethod.php(36): Illuminate\\Database\\Console\\Migrations\\MigrateCommand->handle()
#20 /home/nasrine/Desktop/dve/react/apiRest/vendor/laravel/framework/src/Illuminate/Container/Util.php(41): Illuminate\\Container\\BoundMethod::Illuminate\\Container\\{closure}()
#21 /home/nasrine/Desktop/dve/react/apiRest/vendor/laravel/framework/src/Illuminate/Container/BoundMethod.php(93): Illuminate\\Container\\Util::unwrapIfClosure()
#22 /home/nasrine/Desktop/dve/react/apiRest/vendor/laravel/framework/src/Illuminate/Container/BoundMethod.php(37): Illuminate\\Container\\BoundMethod::callBoundMethod()
#23 /home/nasrine/Desktop/dve/react/apiRest/vendor/laravel/framework/src/Illuminate/Container/Container.php(651): Illuminate\\Container\\BoundMethod::call()
#24 /home/nasrine/Desktop/dve/react/apiRest/vendor/laravel/framework/src/Illuminate/Console/Command.php(136): Illuminate\\Container\\Container->call()
#25 /home/nasrine/Desktop/dve/react/apiRest/vendor/symfony/console/Command/Command.php(291): Illuminate\\Console\\Command->execute()
#26 /home/nasrine/Desktop/dve/react/apiRest/vendor/laravel/framework/src/Illuminate/Console/Command.php(121): Symfony\\Component\\Console\\Command\\Command->run()
#27 /home/nasrine/Desktop/dve/react/apiRest/vendor/symfony/console/Application.php(989): Illuminate\\Console\\Command->run()
#28 /home/nasrine/Desktop/dve/react/apiRest/vendor/symfony/console/Application.php(299): Symfony\\Component\\Console\\Application->doRunCommand()
#29 /home/nasrine/Desktop/dve/react/apiRest/vendor/symfony/console/Application.php(171): Symfony\\Component\\Console\\Application->doRun()
#30 /home/nasrine/Desktop/dve/react/apiRest/vendor/laravel/framework/src/Illuminate/Console/Application.php(102): Symfony\\Component\\Console\\Application->run()
#31 /home/nasrine/Desktop/dve/react/apiRest/vendor/laravel/framework/src/Illuminate/Foundation/Console/Kernel.php(129): Illuminate\\Console\\Application->run()
#32 /home/nasrine/Desktop/dve/react/apiRest/artisan(37): Illuminate\\Foundation\\Console\\Kernel->handle()
#33 {main}
"} 
[2022-05-06 11:57:57] local.ERROR: SQLSTATE[HY000] [1698] Access denied for user 'root'@'localhost' (SQL: select * from information_schema.tables where table_schema = laravel and table_name = migrations and table_type = 'BASE TABLE') {"exception":"[object] (Illuminate\\Database\\QueryException(code: 1698): SQLSTATE[HY000] [1698] Access denied for user 'root'@'localhost' (SQL: select * from information_schema.tables where table_schema = laravel and table_name = migrations and table_type = 'BASE TABLE') at /home/nasrine/Desktop/dve/react/apiRest/vendor/laravel/framework/src/Illuminate/Database/Connection.php:742)
[stacktrace]
#0 /home/nasrine/Desktop/dve/react/apiRest/vendor/laravel/framework/src/Illuminate/Database/Connection.php(702): Illuminate\\Database\\Connection->runQueryCallback()
#1 /home/nasrine/Desktop/dve/react/apiRest/vendor/laravel/framework/src/Illuminate/Database/Connection.php(404): Illuminate\\Database\\Connection->run()
#2 /home/nasrine/Desktop/dve/react/apiRest/vendor/laravel/framework/src/Illuminate/Database/Schema/MySqlBuilder.php(44): Illuminate\\Database\\Connection->select()
#3 /home/nasrine/Desktop/dve/react/apiRest/vendor/laravel/framework/src/Illuminate/Database/Migrations/DatabaseMigrationRepository.php(169): Illuminate\\Database\\Schema\\MySqlBuilder->hasTable()
#4 /home/nasrine/Desktop/dve/react/apiRest/vendor/laravel/framework/src/Illuminate/Database/Migrations/Migrator.php(673): Illuminate\\Database\\Migrations\\DatabaseMigrationRepository->repositoryExists()
#5 /home/nasrine/Desktop/dve/react/apiRest/vendor/laravel/framework/src/Illuminate/Database/Console/Migrations/MigrateCommand.php(110): Illuminate\\Database\\Migrations\\Migrator->repositoryExists()
#6 /home/nasrine/Desktop/dve/react/apiRest/vendor/laravel/framework/src/Illuminate/Database/Console/Migrations/MigrateCommand.php(78): Illuminate\\Database\\Console\\Migrations\\MigrateCommand->prepareDatabase()
#7 /home/nasrine/Desktop/dve/react/apiRest/vendor/laravel/framework/src/Illuminate/Database/Migrations/Migrator.php(606): Illuminate\\Database\\Console\\Migrations\\MigrateCommand->Illuminate\\Database\\Console\\Migrations\\{closure}()
#8 /home/nasrine/Desktop/dve/react/apiRest/vendor/laravel/framework/src/Illuminate/Database/Console/Migrations/MigrateCommand.php(98): Illuminate\\Database\\Migrations\\Migrator->usingConnection()
#9 /home/nasrine/Desktop/dve/react/apiRest/vendor/laravel/framework/src/Illuminate/Container/BoundMethod.php(36): Illuminate\\Database\\Console\\Migrations\\MigrateCommand->handle()
#10 /home/nasrine/Desktop/dve/react/apiRest/vendor/laravel/framework/src/Illuminate/Container/Util.php(41): Illuminate\\Container\\BoundMethod::Illuminate\\Container\\{closure}()
#11 /home/nasrine/Desktop/dve/react/apiRest/vendor/laravel/framework/src/Illuminate/Container/BoundMethod.php(93): Illuminate\\Container\\Util::unwrapIfClosure()
#12 /home/nasrine/Desktop/dve/react/apiRest/vendor/laravel/framework/src/Illuminate/Container/BoundMethod.php(37): Illuminate\\Container\\BoundMethod::callBoundMethod()
#13 /home/nasrine/Desktop/dve/react/apiRest/vendor/laravel/framework/src/Illuminate/Container/Container.php(651): Illuminate\\Container\\BoundMethod::call()
#14 /home/nasrine/Desktop/dve/react/apiRest/vendor/laravel/framework/src/Illuminate/Console/Command.php(136): Illuminate\\Container\\Container->call()
#15 /home/nasrine/Desktop/dve/react/apiRest/vendor/symfony/console/Command/Command.php(291): Illuminate\\Console\\Command->execute()
#16 /home/nasrine/Desktop/dve/react/apiRest/vendor/laravel/framework/src/Illuminate/Console/Command.php(121): Symfony\\Component\\Console\\Command\\Command->run()
#17 /home/nasrine/Desktop/dve/react/apiRest/vendor/symfony/console/Application.php(989): Illuminate\\Console\\Command->run()
#18 /home/nasrine/Desktop/dve/react/apiRest/vendor/symfony/console/Application.php(299): Symfony\\Component\\Console\\Application->doRunCommand()
#19 /home/nasrine/Desktop/dve/react/apiRest/vendor/symfony/console/Application.php(171): Symfony\\Component\\Console\\Application->doRun()
#20 /home/nasrine/Desktop/dve/react/apiRest/vendor/laravel/framework/src/Illuminate/Console/Application.php(102): Symfony\\Component\\Console\\Application->run()
#21 /home/nasrine/Desktop/dve/react/apiRest/vendor/laravel/framework/src/Illuminate/Foundation/Console/Kernel.php(129): Illuminate\\Console\\Application->run()
#22 /home/nasrine/Desktop/dve/react/apiRest/artisan(37): Illuminate\\Foundation\\Console\\Kernel->handle()
#23 {main}

[previous exception] [object] (PDOException(code: 1698): SQLSTATE[HY000] [1698] Access denied for user 'root'@'localhost' at /home/nasrine/Desktop/dve/react/apiRest/vendor/laravel/framework/src/Illuminate/Database/Connectors/Connector.php:70)
[stacktrace]
#0 /home/nasrine/Desktop/dve/react/apiRest/vendor/laravel/framework/src/Illuminate/Database/Connectors/Connector.php(70): PDO->__construct()
#1 /home/nasrine/Desktop/dve/react/apiRest/vendor/laravel/framework/src/Illuminate/Database/Connectors/Connector.php(46): Illuminate\\Database\\Connectors\\Connector->createPdoConnection()
#2 /home/nasrine/Desktop/dve/react/apiRest/vendor/laravel/framework/src/Illuminate/Database/Connectors/MySqlConnector.php(24): Illuminate\\Database\\Connectors\\Connector->createConnection()
#3 /home/nasrine/Desktop/dve/react/apiRest/vendor/laravel/framework/src/Illuminate/Database/Connectors/ConnectionFactory.php(184): Illuminate\\Database\\Connectors\\MySqlConnector->connect()
#4 [internal function]: Illuminate\\Database\\Connectors\\ConnectionFactory->Illuminate\\Database\\Connectors\\{closure}()
#5 /home/nasrine/Desktop/dve/react/apiRest/vendor/laravel/framework/src/Illuminate/Database/Connection.php(1084): call_user_func()
#6 /home/nasrine/Desktop/dve/react/apiRest/vendor/laravel/framework/src/Illuminate/Database/Connection.php(1120): Illuminate\\Database\\Connection->getPdo()
#7 /home/nasrine/Desktop/dve/react/apiRest/vendor/laravel/framework/src/Illuminate/Database/Connection.php(468): Illuminate\\Database\\Connection->getReadPdo()
#8 /home/nasrine/Desktop/dve/react/apiRest/vendor/laravel/framework/src/Illuminate/Database/Connection.php(396): Illuminate\\Database\\Connection->getPdoForSelect()
#9 /home/nasrine/Desktop/dve/react/apiRest/vendor/laravel/framework/src/Illuminate/Database/Connection.php(735): Illuminate\\Database\\Connection->Illuminate\\Database\\{closure}()
#10 /home/nasrine/Desktop/dve/react/apiRest/vendor/laravel/framework/src/Illuminate/Database/Connection.php(702): Illuminate\\Database\\Connection->runQueryCallback()
#11 /home/nasrine/Desktop/dve/react/apiRest/vendor/laravel/framework/src/Illuminate/Database/Connection.php(404): Illuminate\\Database\\Connection->run()
#12 /home/nasrine/Desktop/dve/react/apiRest/vendor/laravel/framework/src/Illuminate/Database/Schema/MySqlBuilder.php(44): Illuminate\\Database\\Connection->select()
#13 /home/nasrine/Desktop/dve/react/apiRest/vendor/laravel/framework/src/Illuminate/Database/Migrations/DatabaseMigrationRepository.php(169): Illuminate\\Database\\Schema\\MySqlBuilder->hasTable()
#14 /home/nasrine/Desktop/dve/react/apiRest/vendor/laravel/framework/src/Illuminate/Database/Migrations/Migrator.php(673): Illuminate\\Database\\Migrations\\DatabaseMigrationRepository->repositoryExists()
#15 /home/nasrine/Desktop/dve/react/apiRest/vendor/laravel/framework/src/Illuminate/Database/Console/Migrations/MigrateCommand.php(110): Illuminate\\Database\\Migrations\\Migrator->repositoryExists()
#16 /home/nasrine/Desktop/dve/react/apiRest/vendor/laravel/framework/src/Illuminate/Database/Console/Migrations/MigrateCommand.php(78): Illuminate\\Database\\Console\\Migrations\\MigrateCommand->prepareDatabase()
#17 /home/nasrine/Desktop/dve/react/apiRest/vendor/laravel/framework/src/Illuminate/Database/Migrations/Migrator.php(606): Illuminate\\Database\\Console\\Migrations\\MigrateCommand->Illuminate\\Database\\Console\\Migrations\\{closure}()
#18 /home/nasrine/Desktop/dve/react/apiRest/vendor/laravel/framework/src/Illuminate/Database/Console/Migrations/MigrateCommand.php(98): Illuminate\\Database\\Migrations\\Migrator->usingConnection()
#19 /home/nasrine/Desktop/dve/react/apiRest/vendor/laravel/framework/src/Illuminate/Container/BoundMethod.php(36): Illuminate\\Database\\Console\\Migrations\\MigrateCommand->handle()
#20 /home/nasrine/Desktop/dve/react/apiRest/vendor/laravel/framework/src/Illuminate/Container/Util.php(41): Illuminate\\Container\\BoundMethod::Illuminate\\Container\\{closure}()
#21 /home/nasrine/Desktop/dve/react/apiRest/vendor/laravel/framework/src/Illuminate/Container/BoundMethod.php(93): Illuminate\\Container\\Util::unwrapIfClosure()
#22 /home/nasrine/Desktop/dve/react/apiRest/vendor/laravel/framework/src/Illuminate/Container/BoundMethod.php(37): Illuminate\\Container\\BoundMethod::callBoundMethod()
#23 /home/nasrine/Desktop/dve/react/apiRest/vendor/laravel/framework/src/Illuminate/Container/Container.php(651): Illuminate\\Container\\BoundMethod::call()
#24 /home/nasrine/Desktop/dve/react/apiRest/vendor/laravel/framework/src/Illuminate/Console/Command.php(136): Illuminate\\Container\\Container->call()
#25 /home/nasrine/Desktop/dve/react/apiRest/vendor/symfony/console/Command/Command.php(291): Illuminate\\Console\\Command->execute()
#26 /home/nasrine/Desktop/dve/react/apiRest/vendor/laravel/framework/src/Illuminate/Console/Command.php(121): Symfony\\Component\\Console\\Command\\Command->run()
#27 /home/nasrine/Desktop/dve/react/apiRest/vendor/symfony/console/Application.php(989): Illuminate\\Console\\Command->run()
#28 /home/nasrine/Desktop/dve/react/apiRest/vendor/symfony/console/Application.php(299): Symfony\\Component\\Console\\Application->doRunCommand()
#29 /home/nasrine/Desktop/dve/react/apiRest/vendor/symfony/console/Application.php(171): Symfony\\Component\\Console\\Application->doRun()
#30 /home/nasrine/Desktop/dve/react/apiRest/vendor/laravel/framework/src/Illuminate/Console/Application.php(102): Symfony\\Component\\Console\\Application->run()
#31 /home/nasrine/Desktop/dve/react/apiRest/vendor/laravel/framework/src/Illuminate/Foundation/Console/Kernel.php(129): Illuminate\\Console\\Application->run()
#32 /home/nasrine/Desktop/dve/react/apiRest/artisan(37): Illuminate\\Foundation\\Console\\Kernel->handle()
#33 {main}
"} 
[2022-05-06 12:01:58] local.ERROR: SQLSTATE[HY000] [1698] Access denied for user 'root'@'localhost' (SQL: select * from information_schema.tables where table_schema = api and table_name = migrations and table_type = 'BASE TABLE') {"exception":"[object] (Illuminate\\Database\\QueryException(code: 1698): SQLSTATE[HY000] [1698] Access denied for user 'root'@'localhost' (SQL: select * from information_schema.tables where table_schema = api and table_name = migrations and table_type = 'BASE TABLE') at /home/nasrine/Desktop/dve/react/apiRest/vendor/laravel/framework/src/Illuminate/Database/Connection.php:742)
[stacktrace]
#0 /home/nasrine/Desktop/dve/react/apiRest/vendor/laravel/framework/src/Illuminate/Database/Connection.php(702): Illuminate\\Database\\Connection->runQueryCallback()
#1 /home/nasrine/Desktop/dve/react/apiRest/vendor/laravel/framework/src/Illuminate/Database/Connection.php(404): Illuminate\\Database\\Connection->run()
#2 /home/nasrine/Desktop/dve/react/apiRest/vendor/laravel/framework/src/Illuminate/Database/Schema/MySqlBuilder.php(44): Illuminate\\Database\\Connection->select()
#3 /home/nasrine/Desktop/dve/react/apiRest/vendor/laravel/framework/src/Illuminate/Database/Migrations/DatabaseMigrationRepository.php(169): Illuminate\\Database\\Schema\\MySqlBuilder->hasTable()
#4 /home/nasrine/Desktop/dve/react/apiRest/vendor/laravel/framework/src/Illuminate/Database/Migrations/Migrator.php(673): Illuminate\\Database\\Migrations\\DatabaseMigrationRepository->repositoryExists()
#5 /home/nasrine/Desktop/dve/react/apiRest/vendor/laravel/framework/src/Illuminate/Database/Console/Migrations/MigrateCommand.php(110): Illuminate\\Database\\Migrations\\Migrator->repositoryExists()
#6 /home/nasrine/Desktop/dve/react/apiRest/vendor/laravel/framework/src/Illuminate/Database/Console/Migrations/MigrateCommand.php(78): Illuminate\\Database\\Console\\Migrations\\MigrateCommand->prepareDatabase()
#7 /home/nasrine/Desktop/dve/react/apiRest/vendor/laravel/framework/src/Illuminate/Database/Migrations/Migrator.php(606): Illuminate\\Database\\Console\\Migrations\\MigrateCommand->Illuminate\\Database\\Console\\Migrations\\{closure}()
#8 /home/nasrine/Desktop/dve/react/apiRest/vendor/laravel/framework/src/Illuminate/Database/Console/Migrations/MigrateCommand.php(98): Illuminate\\Database\\Migrations\\Migrator->usingConnection()
#9 /home/nasrine/Desktop/dve/react/apiRest/vendor/laravel/framework/src/Illuminate/Container/BoundMethod.php(36): Illuminate\\Database\\Console\\Migrations\\MigrateCommand->handle()
#10 /home/nasrine/Desktop/dve/react/apiRest/vendor/laravel/framework/src/Illuminate/Container/Util.php(41): Illuminate\\Container\\BoundMethod::Illuminate\\Container\\{closure}()
#11 /home/nasrine/Desktop/dve/react/apiRest/vendor/laravel/framework/src/Illuminate/Container/BoundMethod.php(93): Illuminate\\Container\\Util::unwrapIfClosure()
#12 /home/nasrine/Desktop/dve/react/apiRest/vendor/laravel/framework/src/Illuminate/Container/BoundMethod.php(37): Illuminate\\Container\\BoundMethod::callBoundMethod()
#13 /home/nasrine/Desktop/dve/react/apiRest/vendor/laravel/framework/src/Illuminate/Container/Container.php(651): Illuminate\\Container\\BoundMethod::call()
#14 /home/nasrine/Desktop/dve/react/apiRest/vendor/laravel/framework/src/Illuminate/Console/Command.php(136): Illuminate\\Container\\Container->call()
#15 /home/nasrine/Desktop/dve/react/apiRest/vendor/symfony/console/Command/Command.php(291): Illuminate\\Console\\Command->execute()
#16 /home/nasrine/Desktop/dve/react/apiRest/vendor/laravel/framework/src/Illuminate/Console/Command.php(121): Symfony\\Component\\Console\\Command\\Command->run()
#17 /home/nasrine/Desktop/dve/react/apiRest/vendor/symfony/console/Application.php(989): Illuminate\\Console\\Command->run()
#18 /home/nasrine/Desktop/dve/react/apiRest/vendor/symfony/console/Application.php(299): Symfony\\Component\\Console\\Application->doRunCommand()
#19 /home/nasrine/Desktop/dve/react/apiRest/vendor/symfony/console/Application.php(171): Symfony\\Component\\Console\\Application->doRun()
#20 /home/nasrine/Desktop/dve/react/apiRest/vendor/laravel/framework/src/Illuminate/Console/Application.php(102): Symfony\\Component\\Console\\Application->run()
#21 /home/nasrine/Desktop/dve/react/apiRest/vendor/laravel/framework/src/Illuminate/Foundation/Console/Kernel.php(129): Illuminate\\Console\\Application->run()
#22 /home/nasrine/Desktop/dve/react/apiRest/artisan(37): Illuminate\\Foundation\\Console\\Kernel->handle()
#23 {main}

[previous exception] [object] (PDOException(code: 1698): SQLSTATE[HY000] [1698] Access denied for user 'root'@'localhost' at /home/nasrine/Desktop/dve/react/apiRest/vendor/laravel/framework/src/Illuminate/Database/Connectors/Connector.php:70)
[stacktrace]
#0 /home/nasrine/Desktop/dve/react/apiRest/vendor/laravel/framework/src/Illuminate/Database/Connectors/Connector.php(70): PDO->__construct()
#1 /home/nasrine/Desktop/dve/react/apiRest/vendor/laravel/framework/src/Illuminate/Database/Connectors/Connector.php(46): Illuminate\\Database\\Connectors\\Connector->createPdoConnection()
#2 /home/nasrine/Desktop/dve/react/apiRest/vendor/laravel/framework/src/Illuminate/Database/Connectors/MySqlConnector.php(24): Illuminate\\Database\\Connectors\\Connector->createConnection()
#3 /home/nasrine/Desktop/dve/react/apiRest/vendor/laravel/framework/src/Illuminate/Database/Connectors/ConnectionFactory.php(184): Illuminate\\Database\\Connectors\\MySqlConnector->connect()
#4 [internal function]: Illuminate\\Database\\Connectors\\ConnectionFactory->Illuminate\\Database\\Connectors\\{closure}()
#5 /home/nasrine/Desktop/dve/react/apiRest/vendor/laravel/framework/src/Illuminate/Database/Connection.php(1084): call_user_func()
#6 /home/nasrine/Desktop/dve/react/apiRest/vendor/laravel/framework/src/Illuminate/Database/Connection.php(1120): Illuminate\\Database\\Connection->getPdo()
#7 /home/nasrine/Desktop/dve/react/apiRest/vendor/laravel/framework/src/Illuminate/Database/Connection.php(468): Illuminate\\Database\\Connection->getReadPdo()
#8 /home/nasrine/Desktop/dve/react/apiRest/vendor/laravel/framework/src/Illuminate/Database/Connection.php(396): Illuminate\\Database\\Connection->getPdoForSelect()
#9 /home/nasrine/Desktop/dve/react/apiRest/vendor/laravel/framework/src/Illuminate/Database/Connection.php(735): Illuminate\\Database\\Connection->Illuminate\\Database\\{closure}()
#10 /home/nasrine/Desktop/dve/react/apiRest/vendor/laravel/framework/src/Illuminate/Database/Connection.php(702): Illuminate\\Database\\Connection->runQueryCallback()
#11 /home/nasrine/Desktop/dve/react/apiRest/vendor/laravel/framework/src/Illuminate/Database/Connection.php(404): Illuminate\\Database\\Connection->run()
#12 /home/nasrine/Desktop/dve/react/apiRest/vendor/laravel/framework/src/Illuminate/Database/Schema/MySqlBuilder.php(44): Illuminate\\Database\\Connection->select()
#13 /home/nasrine/Desktop/dve/react/apiRest/vendor/laravel/framework/src/Illuminate/Database/Migrations/DatabaseMigrationRepository.php(169): Illuminate\\Database\\Schema\\MySqlBuilder->hasTable()
#14 /home/nasrine/Desktop/dve/react/apiRest/vendor/laravel/framework/src/Illuminate/Database/Migrations/Migrator.php(673): Illuminate\\Database\\Migrations\\DatabaseMigrationRepository->repositoryExists()
#15 /home/nasrine/Desktop/dve/react/apiRest/vendor/laravel/framework/src/Illuminate/Database/Console/Migrations/MigrateCommand.php(110): Illuminate\\Database\\Migrations\\Migrator->repositoryExists()
#16 /home/nasrine/Desktop/dve/react/apiRest/vendor/laravel/framework/src/Illuminate/Database/Console/Migrations/MigrateCommand.php(78): Illuminate\\Database\\Console\\Migrations\\MigrateCommand->prepareDatabase()
#17 /home/nasrine/Desktop/dve/react/apiRest/vendor/laravel/framework/src/Illuminate/Database/Migrations/Migrator.php(606): Illuminate\\Database\\Console\\Migrations\\MigrateCommand->Illuminate\\Database\\Console\\Migrations\\{closure}()
#18 /home/nasrine/Desktop/dve/react/apiRest/vendor/laravel/framework/src/Illuminate/Database/Console/Migrations/MigrateCommand.php(98): Illuminate\\Database\\Migrations\\Migrator->usingConnection()
#19 /home/nasrine/Desktop/dve/react/apiRest/vendor/laravel/framework/src/Illuminate/Container/BoundMethod.php(36): Illuminate\\Database\\Console\\Migrations\\MigrateCommand->handle()
#20 /home/nasrine/Desktop/dve/react/apiRest/vendor/laravel/framework/src/Illuminate/Container/Util.php(41): Illuminate\\Container\\BoundMethod::Illuminate\\Container\\{closure}()
#21 /home/nasrine/Desktop/dve/react/apiRest/vendor/laravel/framework/src/Illuminate/Container/BoundMethod.php(93): Illuminate\\Container\\Util::unwrapIfClosure()
#22 /home/nasrine/Desktop/dve/react/apiRest/vendor/laravel/framework/src/Illuminate/Container/BoundMethod.php(37): Illuminate\\Container\\BoundMethod::callBoundMethod()
#23 /home/nasrine/Desktop/dve/react/apiRest/vendor/laravel/framework/src/Illuminate/Container/Container.php(651): Illuminate\\Container\\BoundMethod::call()
#24 /home/nasrine/Desktop/dve/react/apiRest/vendor/laravel/framework/src/Illuminate/Console/Command.php(136): Illuminate\\Container\\Container->call()
#25 /home/nasrine/Desktop/dve/react/apiRest/vendor/symfony/console/Command/Command.php(291): Illuminate\\Console\\Command->execute()
#26 /home/nasrine/Desktop/dve/react/apiRest/vendor/laravel/framework/src/Illuminate/Console/Command.php(121): Symfony\\Component\\Console\\Command\\Command->run()
#27 /home/nasrine/Desktop/dve/react/apiRest/vendor/symfony/console/Application.php(989): Illuminate\\Console\\Command->run()
#28 /home/nasrine/Desktop/dve/react/apiRest/vendor/symfony/console/Application.php(299): Symfony\\Component\\Console\\Application->doRunCommand()
#29 /home/nasrine/Desktop/dve/react/apiRest/vendor/symfony/console/Application.php(171): Symfony\\Component\\Console\\Application->doRun()
#30 /home/nasrine/Desktop/dve/react/apiRest/vendor/laravel/framework/src/Illuminate/Console/Application.php(102): Symfony\\Component\\Console\\Application->run()
#31 /home/nasrine/Desktop/dve/react/apiRest/vendor/laravel/framework/src/Illuminate/Foundation/Console/Kernel.php(129): Illuminate\\Console\\Application->run()
#32 /home/nasrine/Desktop/dve/react/apiRest/artisan(37): Illuminate\\Foundation\\Console\\Kernel->handle()
#33 {main}
"} 
[2022-05-06 12:02:04] local.ERROR: SQLSTATE[HY000] [1698] Access denied for user 'root'@'localhost' (SQL: select * from information_schema.tables where table_schema = api and table_name = migrations and table_type = 'BASE TABLE') {"exception":"[object] (Illuminate\\Database\\QueryException(code: 1698): SQLSTATE[HY000] [1698] Access denied for user 'root'@'localhost' (SQL: select * from information_schema.tables where table_schema = api and table_name = migrations and table_type = 'BASE TABLE') at /home/nasrine/Desktop/dve/react/apiRest/vendor/laravel/framework/src/Illuminate/Database/Connection.php:742)
[stacktrace]
#0 /home/nasrine/Desktop/dve/react/apiRest/vendor/laravel/framework/src/Illuminate/Database/Connection.php(702): Illuminate\\Database\\Connection->runQueryCallback()
#1 /home/nasrine/Desktop/dve/react/apiRest/vendor/laravel/framework/src/Illuminate/Database/Connection.php(404): Illuminate\\Database\\Connection->run()
#2 /home/nasrine/Desktop/dve/react/apiRest/vendor/laravel/framework/src/Illuminate/Database/Schema/MySqlBuilder.php(44): Illuminate\\Database\\Connection->select()
#3 /home/nasrine/Desktop/dve/react/apiRest/vendor/laravel/framework/src/Illuminate/Database/Migrations/DatabaseMigrationRepository.php(169): Illuminate\\Database\\Schema\\MySqlBuilder->hasTable()
#4 /home/nasrine/Desktop/dve/react/apiRest/vendor/laravel/framework/src/Illuminate/Database/Migrations/Migrator.php(673): Illuminate\\Database\\Migrations\\DatabaseMigrationRepository->repositoryExists()
#5 /home/nasrine/Desktop/dve/react/apiRest/vendor/laravel/framework/src/Illuminate/Database/Console/Migrations/MigrateCommand.php(110): Illuminate\\Database\\Migrations\\Migrator->repositoryExists()
#6 /home/nasrine/Desktop/dve/react/apiRest/vendor/laravel/framework/src/Illuminate/Database/Console/Migrations/MigrateCommand.php(78): Illuminate\\Database\\Console\\Migrations\\MigrateCommand->prepareDatabase()
#7 /home/nasrine/Desktop/dve/react/apiRest/vendor/laravel/framework/src/Illuminate/Database/Migrations/Migrator.php(606): Illuminate\\Database\\Console\\Migrations\\MigrateCommand->Illuminate\\Database\\Console\\Migrations\\{closure}()
#8 /home/nasrine/Desktop/dve/react/apiRest/vendor/laravel/framework/src/Illuminate/Database/Console/Migrations/MigrateCommand.php(98): Illuminate\\Database\\Migrations\\Migrator->usingConnection()
#9 /home/nasrine/Desktop/dve/react/apiRest/vendor/laravel/framework/src/Illuminate/Container/BoundMethod.php(36): Illuminate\\Database\\Console\\Migrations\\MigrateCommand->handle()
#10 /home/nasrine/Desktop/dve/react/apiRest/vendor/laravel/framework/src/Illuminate/Container/Util.php(41): Illuminate\\Container\\BoundMethod::Illuminate\\Container\\{closure}()
#11 /home/nasrine/Desktop/dve/react/apiRest/vendor/laravel/framework/src/Illuminate/Container/BoundMethod.php(93): Illuminate\\Container\\Util::unwrapIfClosure()
#12 /home/nasrine/Desktop/dve/react/apiRest/vendor/laravel/framework/src/Illuminate/Container/BoundMethod.php(37): Illuminate\\Container\\BoundMethod::callBoundMethod()
#13 /home/nasrine/Desktop/dve/react/apiRest/vendor/laravel/framework/src/Illuminate/Container/Container.php(651): Illuminate\\Container\\BoundMethod::call()
#14 /home/nasrine/Desktop/dve/react/apiRest/vendor/laravel/framework/src/Illuminate/Console/Command.php(136): Illuminate\\Container\\Container->call()
#15 /home/nasrine/Desktop/dve/react/apiRest/vendor/symfony/console/Command/Command.php(291): Illuminate\\Console\\Command->execute()
#16 /home/nasrine/Desktop/dve/react/apiRest/vendor/laravel/framework/src/Illuminate/Console/Command.php(121): Symfony\\Component\\Console\\Command\\Command->run()
#17 /home/nasrine/Desktop/dve/react/apiRest/vendor/symfony/console/Application.php(989): Illuminate\\Console\\Command->run()
#18 /home/nasrine/Desktop/dve/react/apiRest/vendor/symfony/console/Application.php(299): Symfony\\Component\\Console\\Application->doRunCommand()
#19 /home/nasrine/Desktop/dve/react/apiRest/vendor/symfony/console/Application.php(171): Symfony\\Component\\Console\\Application->doRun()
#20 /home/nasrine/Desktop/dve/react/apiRest/vendor/laravel/framework/src/Illuminate/Console/Application.php(102): Symfony\\Component\\Console\\Application->run()
#21 /home/nasrine/Desktop/dve/react/apiRest/vendor/laravel/framework/src/Illuminate/Foundation/Console/Kernel.php(129): Illuminate\\Console\\Application->run()
#22 /home/nasrine/Desktop/dve/react/apiRest/artisan(37): Illuminate\\Foundation\\Console\\Kernel->handle()
#23 {main}

[previous exception] [object] (PDOException(code: 1698): SQLSTATE[HY000] [1698] Access denied for user 'root'@'localhost' at /home/nasrine/Desktop/dve/react/apiRest/vendor/laravel/framework/src/Illuminate/Database/Connectors/Connector.php:70)
[stacktrace]
#0 /home/nasrine/Desktop/dve/react/apiRest/vendor/laravel/framework/src/Illuminate/Database/Connectors/Connector.php(70): PDO->__construct()
#1 /home/nasrine/Desktop/dve/react/apiRest/vendor/laravel/framework/src/Illuminate/Database/Connectors/Connector.php(46): Illuminate\\Database\\Connectors\\Connector->createPdoConnection()
#2 /home/nasrine/Desktop/dve/react/apiRest/vendor/laravel/framework/src/Illuminate/Database/Connectors/MySqlConnector.php(24): Illuminate\\Database\\Connectors\\Connector->createConnection()
#3 /home/nasrine/Desktop/dve/react/apiRest/vendor/laravel/framework/src/Illuminate/Database/Connectors/ConnectionFactory.php(184): Illuminate\\Database\\Connectors\\MySqlConnector->connect()
#4 [internal function]: Illuminate\\Database\\Connectors\\ConnectionFactory->Illuminate\\Database\\Connectors\\{closure}()
#5 /home/nasrine/Desktop/dve/react/apiRest/vendor/laravel/framework/src/Illuminate/Database/Connection.php(1084): call_user_func()
#6 /home/nasrine/Desktop/dve/react/apiRest/vendor/laravel/framework/src/Illuminate/Database/Connection.php(1120): Illuminate\\Database\\Connection->getPdo()
#7 /home/nasrine/Desktop/dve/react/apiRest/vendor/laravel/framework/src/Illuminate/Database/Connection.php(468): Illuminate\\Database\\Connection->getReadPdo()
#8 /home/nasrine/Desktop/dve/react/apiRest/vendor/laravel/framework/src/Illuminate/Database/Connection.php(396): Illuminate\\Database\\Connection->getPdoForSelect()
#9 /home/nasrine/Desktop/dve/react/apiRest/vendor/laravel/framework/src/Illuminate/Database/Connection.php(735): Illuminate\\Database\\Connection->Illuminate\\Database\\{closure}()
#10 /home/nasrine/Desktop/dve/react/apiRest/vendor/laravel/framework/src/Illuminate/Database/Connection.php(702): Illuminate\\Database\\Connection->runQueryCallback()
#11 /home/nasrine/Desktop/dve/react/apiRest/vendor/laravel/framework/src/Illuminate/Database/Connection.php(404): Illuminate\\Database\\Connection->run()
#12 /home/nasrine/Desktop/dve/react/apiRest/vendor/laravel/framework/src/Illuminate/Database/Schema/MySqlBuilder.php(44): Illuminate\\Database\\Connection->select()
#13 /home/nasrine/Desktop/dve/react/apiRest/vendor/laravel/framework/src/Illuminate/Database/Migrations/DatabaseMigrationRepository.php(169): Illuminate\\Database\\Schema\\MySqlBuilder->hasTable()
#14 /home/nasrine/Desktop/dve/react/apiRest/vendor/laravel/framework/src/Illuminate/Database/Migrations/Migrator.php(673): Illuminate\\Database\\Migrations\\DatabaseMigrationRepository->repositoryExists()
#15 /home/nasrine/Desktop/dve/react/apiRest/vendor/laravel/framework/src/Illuminate/Database/Console/Migrations/MigrateCommand.php(110): Illuminate\\Database\\Migrations\\Migrator->repositoryExists()
#16 /home/nasrine/Desktop/dve/react/apiRest/vendor/laravel/framework/src/Illuminate/Database/Console/Migrations/MigrateCommand.php(78): Illuminate\\Database\\Console\\Migrations\\MigrateCommand->prepareDatabase()
#17 /home/nasrine/Desktop/dve/react/apiRest/vendor/laravel/framework/src/Illuminate/Database/Migrations/Migrator.php(606): Illuminate\\Database\\Console\\Migrations\\MigrateCommand->Illuminate\\Database\\Console\\Migrations\\{closure}()
#18 /home/nasrine/Desktop/dve/react/apiRest/vendor/laravel/framework/src/Illuminate/Database/Console/Migrations/MigrateCommand.php(98): Illuminate\\Database\\Migrations\\Migrator->usingConnection()
#19 /home/nasrine/Desktop/dve/react/apiRest/vendor/laravel/framework/src/Illuminate/Container/BoundMethod.php(36): Illuminate\\Database\\Console\\Migrations\\MigrateCommand->handle()
#20 /home/nasrine/Desktop/dve/react/apiRest/vendor/laravel/framework/src/Illuminate/Container/Util.php(41): Illuminate\\Container\\BoundMethod::Illuminate\\Container\\{closure}()
#21 /home/nasrine/Desktop/dve/react/apiRest/vendor/laravel/framework/src/Illuminate/Container/BoundMethod.php(93): Illuminate\\Container\\Util::unwrapIfClosure()
#22 /home/nasrine/Desktop/dve/react/apiRest/vendor/laravel/framework/src/Illuminate/Container/BoundMethod.php(37): Illuminate\\Container\\BoundMethod::callBoundMethod()
#23 /home/nasrine/Desktop/dve/react/apiRest/vendor/laravel/framework/src/Illuminate/Container/Container.php(651): Illuminate\\Container\\BoundMethod::call()
#24 /home/nasrine/Desktop/dve/react/apiRest/vendor/laravel/framework/src/Illuminate/Console/Command.php(136): Illuminate\\Container\\Container->call()
#25 /home/nasrine/Desktop/dve/react/apiRest/vendor/symfony/console/Command/Command.php(291): Illuminate\\Console\\Command->execute()
#26 /home/nasrine/Desktop/dve/react/apiRest/vendor/laravel/framework/src/Illuminate/Console/Command.php(121): Symfony\\Component\\Console\\Command\\Command->run()
#27 /home/nasrine/Desktop/dve/react/apiRest/vendor/symfony/console/Application.php(989): Illuminate\\Console\\Command->run()
#28 /home/nasrine/Desktop/dve/react/apiRest/vendor/symfony/console/Application.php(299): Symfony\\Component\\Console\\Application->doRunCommand()
#29 /home/nasrine/Desktop/dve/react/apiRest/vendor/symfony/console/Application.php(171): Symfony\\Component\\Console\\Application->doRun()
#30 /home/nasrine/Desktop/dve/react/apiRest/vendor/laravel/framework/src/Illuminate/Console/Application.php(102): Symfony\\Component\\Console\\Application->run()
#31 /home/nasrine/Desktop/dve/react/apiRest/vendor/laravel/framework/src/Illuminate/Foundation/Console/Kernel.php(129): Illuminate\\Console\\Application->run()
#32 /home/nasrine/Desktop/dve/react/apiRest/artisan(37): Illuminate\\Foundation\\Console\\Kernel->handle()
#33 {main}
"} 
[2022-05-06 12:14:47] local.ERROR: Target class [App\Http\Controllers\API\UserController] does not exist. {"exception":"[object] (Illuminate\\Contracts\\Container\\BindingResolutionException(code: 0): Target class [App\\Http\\Controllers\\API\\UserController] does not exist. at /home/nasrine/Desktop/dve/react/apiRest/vendor/laravel/framework/src/Illuminate/Container/Container.php:877)
[stacktrace]
#0 /home/nasrine/Desktop/dve/react/apiRest/vendor/laravel/framework/src/Illuminate/Container/Container.php(756): Illuminate\\Container\\Container->build()
#1 /home/nasrine/Desktop/dve/react/apiRest/vendor/laravel/framework/src/Illuminate/Foundation/Application.php(855): Illuminate\\Container\\Container->resolve()
#2 /home/nasrine/Desktop/dve/react/apiRest/vendor/laravel/framework/src/Illuminate/Container/Container.php(692): Illuminate\\Foundation\\Application->resolve()
#3 /home/nasrine/Desktop/dve/react/apiRest/vendor/laravel/framework/src/Illuminate/Foundation/Application.php(840): Illuminate\\Container\\Container->make()
#4 /home/nasrine/Desktop/dve/react/apiRest/vendor/laravel/framework/src/Illuminate/Routing/Route.php(275): Illuminate\\Foundation\\Application->make()
#5 /home/nasrine/Desktop/dve/react/apiRest/vendor/laravel/framework/src/Illuminate/Routing/Route.php(1081): Illuminate\\Routing\\Route->getController()
#6 /home/nasrine/Desktop/dve/react/apiRest/vendor/laravel/framework/src/Illuminate/Routing/Route.php(1024): Illuminate\\Routing\\Route->controllerMiddleware()
#7 /home/nasrine/Desktop/dve/react/apiRest/vendor/laravel/framework/src/Illuminate/Routing/Router.php(737): Illuminate\\Routing\\Route->gatherMiddleware()
#8 /home/nasrine/Desktop/dve/react/apiRest/vendor/laravel/framework/src/Illuminate/Foundation/Console/RouteListCommand.php(210): Illuminate\\Routing\\Router->gatherRouteMiddleware()
#9 /home/nasrine/Desktop/dve/react/apiRest/vendor/laravel/framework/src/Illuminate/Foundation/Console/RouteListCommand.php(155): Illuminate\\Foundation\\Console\\RouteListCommand->getMiddleware()
#10 /home/nasrine/Desktop/dve/react/apiRest/vendor/laravel/framework/src/Illuminate/Foundation/Console/RouteListCommand.php(125): Illuminate\\Foundation\\Console\\RouteListCommand->getRouteInformation()
#11 [internal function]: Illuminate\\Foundation\\Console\\RouteListCommand->Illuminate\\Foundation\\Console\\{closure}()
#12 /home/nasrine/Desktop/dve/react/apiRest/vendor/laravel/framework/src/Illuminate/Collections/Collection.php(725): array_map()
#13 /home/nasrine/Desktop/dve/react/apiRest/vendor/laravel/framework/src/Illuminate/Foundation/Console/RouteListCommand.php(126): Illuminate\\Support\\Collection->map()
#14 /home/nasrine/Desktop/dve/react/apiRest/vendor/laravel/framework/src/Illuminate/Foundation/Console/RouteListCommand.php(110): Illuminate\\Foundation\\Console\\RouteListCommand->getRoutes()
#15 /home/nasrine/Desktop/dve/react/apiRest/vendor/laravel/framework/src/Illuminate/Container/BoundMethod.php(36): Illuminate\\Foundation\\Console\\RouteListCommand->handle()
#16 /home/nasrine/Desktop/dve/react/apiRest/vendor/laravel/framework/src/Illuminate/Container/Util.php(41): Illuminate\\Container\\BoundMethod::Illuminate\\Container\\{closure}()
#17 /home/nasrine/Desktop/dve/react/apiRest/vendor/laravel/framework/src/Illuminate/Container/BoundMethod.php(93): Illuminate\\Container\\Util::unwrapIfClosure()
#18 /home/nasrine/Desktop/dve/react/apiRest/vendor/laravel/framework/src/Illuminate/Container/BoundMethod.php(37): Illuminate\\Container\\BoundMethod::callBoundMethod()
#19 /home/nasrine/Desktop/dve/react/apiRest/vendor/laravel/framework/src/Illuminate/Container/Container.php(651): Illuminate\\Container\\BoundMethod::call()
#20 /home/nasrine/Desktop/dve/react/apiRest/vendor/laravel/framework/src/Illuminate/Console/Command.php(136): Illuminate\\Container\\Container->call()
#21 /home/nasrine/Desktop/dve/react/apiRest/vendor/symfony/console/Command/Command.php(291): Illuminate\\Console\\Command->execute()
#22 /home/nasrine/Desktop/dve/react/apiRest/vendor/laravel/framework/src/Illuminate/Console/Command.php(121): Symfony\\Component\\Console\\Command\\Command->run()
#23 /home/nasrine/Desktop/dve/react/apiRest/vendor/symfony/console/Application.php(989): Illuminate\\Console\\Command->run()
#24 /home/nasrine/Desktop/dve/react/apiRest/vendor/symfony/console/Application.php(299): Symfony\\Component\\Console\\Application->doRunCommand()
#25 /home/nasrine/Desktop/dve/react/apiRest/vendor/symfony/console/Application.php(171): Symfony\\Component\\Console\\Application->doRun()
#26 /home/nasrine/Desktop/dve/react/apiRest/vendor/laravel/framework/src/Illuminate/Console/Application.php(102): Symfony\\Component\\Console\\Application->run()
#27 /home/nasrine/Desktop/dve/react/apiRest/vendor/laravel/framework/src/Illuminate/Foundation/Console/Kernel.php(129): Illuminate\\Console\\Application->run()
#28 /home/nasrine/Desktop/dve/react/apiRest/artisan(37): Illuminate\\Foundation\\Console\\Kernel->handle()
#29 {main}

[previous exception] [object] (ReflectionException(code: -1): Class \"App\\Http\\Controllers\\API\\UserController\" does not exist at /home/nasrine/Desktop/dve/react/apiRest/vendor/laravel/framework/src/Illuminate/Container/Container.php:875)
[stacktrace]
#0 /home/nasrine/Desktop/dve/react/apiRest/vendor/laravel/framework/src/Illuminate/Container/Container.php(875): ReflectionClass->__construct()
#1 /home/nasrine/Desktop/dve/react/apiRest/vendor/laravel/framework/src/Illuminate/Container/Container.php(756): Illuminate\\Container\\Container->build()
#2 /home/nasrine/Desktop/dve/react/apiRest/vendor/laravel/framework/src/Illuminate/Foundation/Application.php(855): Illuminate\\Container\\Container->resolve()
#3 /home/nasrine/Desktop/dve/react/apiRest/vendor/laravel/framework/src/Illuminate/Container/Container.php(692): Illuminate\\Foundation\\Application->resolve()
#4 /home/nasrine/Desktop/dve/react/apiRest/vendor/laravel/framework/src/Illuminate/Foundation/Application.php(840): Illuminate\\Container\\Container->make()
#5 /home/nasrine/Desktop/dve/react/apiRest/vendor/laravel/framework/src/Illuminate/Routing/Route.php(275): Illuminate\\Foundation\\Application->make()
#6 /home/nasrine/Desktop/dve/react/apiRest/vendor/laravel/framework/src/Illuminate/Routing/Route.php(1081): Illuminate\\Routing\\Route->getController()
#7 /home/nasrine/Desktop/dve/react/apiRest/vendor/laravel/framework/src/Illuminate/Routing/Route.php(1024): Illuminate\\Routing\\Route->controllerMiddleware()
#8 /home/nasrine/Desktop/dve/react/apiRest/vendor/laravel/framework/src/Illuminate/Routing/Router.php(737): Illuminate\\Routing\\Route->gatherMiddleware()
#9 /home/nasrine/Desktop/dve/react/apiRest/vendor/laravel/framework/src/Illuminate/Foundation/Console/RouteListCommand.php(210): Illuminate\\Routing\\Router->gatherRouteMiddleware()
#10 /home/nasrine/Desktop/dve/react/apiRest/vendor/laravel/framework/src/Illuminate/Foundation/Console/RouteListCommand.php(155): Illuminate\\Foundation\\Console\\RouteListCommand->getMiddleware()
#11 /home/nasrine/Desktop/dve/react/apiRest/vendor/laravel/framework/src/Illuminate/Foundation/Console/RouteListCommand.php(125): Illuminate\\Foundation\\Console\\RouteListCommand->getRouteInformation()
#12 [internal function]: Illuminate\\Foundation\\Console\\RouteListCommand->Illuminate\\Foundation\\Console\\{closure}()
#13 /home/nasrine/Desktop/dve/react/apiRest/vendor/laravel/framework/src/Illuminate/Collections/Collection.php(725): array_map()
#14 /home/nasrine/Desktop/dve/react/apiRest/vendor/laravel/framework/src/Illuminate/Foundation/Console/RouteListCommand.php(126): Illuminate\\Support\\Collection->map()
#15 /home/nasrine/Desktop/dve/react/apiRest/vendor/laravel/framework/src/Illuminate/Foundation/Console/RouteListCommand.php(110): Illuminate\\Foundation\\Console\\RouteListCommand->getRoutes()
#16 /home/nasrine/Desktop/dve/react/apiRest/vendor/laravel/framework/src/Illuminate/Container/BoundMethod.php(36): Illuminate\\Foundation\\Console\\RouteListCommand->handle()
#17 /home/nasrine/Desktop/dve/react/apiRest/vendor/laravel/framework/src/Illuminate/Container/Util.php(41): Illuminate\\Container\\BoundMethod::Illuminate\\Container\\{closure}()
#18 /home/nasrine/Desktop/dve/react/apiRest/vendor/laravel/framework/src/Illuminate/Container/BoundMethod.php(93): Illuminate\\Container\\Util::unwrapIfClosure()
#19 /home/nasrine/Desktop/dve/react/apiRest/vendor/laravel/framework/src/Illuminate/Container/BoundMethod.php(37): Illuminate\\Container\\BoundMethod::callBoundMethod()
#20 /home/nasrine/Desktop/dve/react/apiRest/vendor/laravel/framework/src/Illuminate/Container/Container.php(651): Illuminate\\Container\\BoundMethod::call()
#21 /home/nasrine/Desktop/dve/react/apiRest/vendor/laravel/framework/src/Illuminate/Console/Command.php(136): Illuminate\\Container\\Container->call()
#22 /home/nasrine/Desktop/dve/react/apiRest/vendor/symfony/console/Command/Command.php(291): Illuminate\\Console\\Command->execute()
#23 /home/nasrine/Desktop/dve/react/apiRest/vendor/laravel/framework/src/Illuminate/Console/Command.php(121): Symfony\\Component\\Console\\Command\\Command->run()
#24 /home/nasrine/Desktop/dve/react/apiRest/vendor/symfony/console/Application.php(989): Illuminate\\Console\\Command->run()
#25 /home/nasrine/Desktop/dve/react/apiRest/vendor/symfony/console/Application.php(299): Symfony\\Component\\Console\\Application->doRunCommand()
#26 /home/nasrine/Desktop/dve/react/apiRest/vendor/symfony/console/Application.php(171): Symfony\\Component\\Console\\Application->doRun()
#27 /home/nasrine/Desktop/dve/react/apiRest/vendor/laravel/framework/src/Illuminate/Console/Application.php(102): Symfony\\Component\\Console\\Application->run()
#28 /home/nasrine/Desktop/dve/react/apiRest/vendor/laravel/framework/src/Illuminate/Foundation/Console/Kernel.php(129): Illuminate\\Console\\Application->run()
#29 /home/nasrine/Desktop/dve/react/apiRest/artisan(37): Illuminate\\Foundation\\Console\\Kernel->handle()
#30 {main}
"} 
[2022-05-06 14:05:47] local.ERROR: Command "ui" is not defined. {"exception":"[object] (Symfony\\Component\\Console\\Exception\\CommandNotFoundException(code: 0): Command \"ui\" is not defined. at /home/nasrine/Desktop/dve/react/apiRest/vendor/symfony/console/Application.php:683)
[stacktrace]
#0 /home/nasrine/Desktop/dve/react/apiRest/vendor/symfony/console/Application.php(259): Symfony\\Component\\Console\\Application->find()
#1 /home/nasrine/Desktop/dve/react/apiRest/vendor/symfony/console/Application.php(171): Symfony\\Component\\Console\\Application->doRun()
#2 /home/nasrine/Desktop/dve/react/apiRest/vendor/laravel/framework/src/Illuminate/Console/Application.php(102): Symfony\\Component\\Console\\Application->run()
#3 /home/nasrine/Desktop/dve/react/apiRest/vendor/laravel/framework/src/Illuminate/Foundation/Console/Kernel.php(129): Illuminate\\Console\\Application->run()
#4 /home/nasrine/Desktop/dve/react/apiRest/artisan(37): Illuminate\\Foundation\\Console\\Kernel->handle()
#5 {main}
"} 
